<?xml version="1.0" encoding="UTF-8"?>
<testng-results ignored="0" total="1" passed="1" failed="0" skipped="0">
  <reporter-output>
  </reporter-output>
  <suite started-at="2022-04-20T22:29:50 EDT" name="CucumberTestRun" finished-at="2022-04-20T22:29:58 EDT" duration-ms="7964">
    <groups>
      <group name="cucumber">
        <method signature="AbstractTestNGCucumberTests.runScenario(io.cucumber.testng.PickleWrapper,io.cucumber.testng.FeatureWrapper)[pri:0, instance:com.runnerfile.RunnerFile@41a0aa7d]" name="runScenario" class="io.cucumber.testng.AbstractTestNGCucumberTests"/>
      </group> <!-- cucumber -->
    </groups>
    <test started-at="2022-04-20T22:29:50 EDT" name="CucumberTest" finished-at="2022-04-20T22:29:58 EDT" duration-ms="7964">
      <class name="com.runnerfile.RunnerFile">
        <test-method is-config="true" signature="setUpClass()[pri:0, instance:com.runnerfile.RunnerFile@41a0aa7d]" started-at="2022-04-20T22:29:50 EDT" name="setUpClass" finished-at="2022-04-20T22:29:50 EDT" duration-ms="333" status="PASS">
          <reporter-output>
          </reporter-output>
        </test-method> <!-- setUpClass -->
        <test-method signature="runScenario(io.cucumber.testng.PickleWrapper,io.cucumber.testng.FeatureWrapper)[pri:0, instance:com.runnerfile.RunnerFile@41a0aa7d]" started-at="2022-04-20T22:29:50 EDT" name="runScenario" description="Runs Cucumber Scenarios" data-provider="scenarios" finished-at="2022-04-20T22:29:58 EDT" duration-ms="7530" status="PASS">
          <params>
            <param index="0">
              <value>
                <![CDATA["User login to website and book a flight using valid username and password and with necessary information."]]>
              </value>
            </param>
            <param index="1">
              <value>
                <![CDATA["Optional[User able to login using valid username and password then able to search flight and book flight.]"]]>
              </value>
            </param>
          </params>
          <reporter-output>
          </reporter-output>
        </test-method> <!-- runScenario -->
        <test-method is-config="true" signature="tearDownClass()[pri:0, instance:com.runnerfile.RunnerFile@41a0aa7d]" started-at="2022-04-20T22:29:58 EDT" name="tearDownClass" finished-at="2022-04-20T22:29:58 EDT" duration-ms="65" status="PASS">
          <reporter-output>
          </reporter-output>
        </test-method> <!-- tearDownClass -->
      </class> <!-- com.runnerfile.RunnerFile -->
    </test> <!-- CucumberTest -->
  </suite> <!-- CucumberTestRun -->
</testng-results>
